Flow report for 3_1-3_3
Wed Sep 21 16:30:17 2022
Quartus II Version 8.1 Build 163 10/28/2008 SJ Web Edition


---------------------
; Table of Contents ;
---------------------
  1. Legal Notice
  2. Flow Summary
  3. Flow Settings
  4. Flow Non-Default Global Settings
  5. Flow Elapsed Time
  6. Flow OS Summary
  7. Flow Log



----------------
; Legal Notice ;
----------------
Copyright (C) 1991-2008 Altera Corporation
Your use of Altera Corporation's design tools, logic functions 
and other software and tools, and its AMPP partner logic 
functions, and any output files from any of the foregoing 
(including device programming or simulation files), and any 
associated documentation or information are expressly subject 
to the terms and conditions of the Altera Program License 
Subscription Agreement, Altera MegaCore Function License 
Agreement, or other applicable license agreement, including, 
without limitation, that your use is for the sole purpose of 
programming logic devices manufactured by Altera and sold by 
Altera or its authorized distributors.  Please refer to the 
applicable agreement for further details.



+-------------------------------------------------------------------+
; Flow Summary                                                      ;
+-------------------------+-----------------------------------------+
; Flow Status             ; Successful - Wed Sep 21 16:30:17 2022   ;
; Quartus II Version      ; 8.1 Build 163 10/28/2008 SJ Web Edition ;
; Revision Name           ; 3_1-3_3                                 ;
; Top-level Entity Name   ; s32_indic                               ;
; Family                  ; MAX II                                  ;
; Device                  ; EPM240T100C5                            ;
; Timing Models           ; Final                                   ;
; Met timing requirements ; Yes                                     ;
; Total logic elements    ; 7 / 240 ( 3 % )                         ;
; Total pins              ; 13 / 80 ( 16 % )                        ;
; Total virtual pins      ; 0                                       ;
; UFM blocks              ; 0 / 1 ( 0 % )                           ;
+-------------------------+-----------------------------------------+


+-----------------------------------------+
; Flow Settings                           ;
+-------------------+---------------------+
; Option            ; Setting             ;
+-------------------+---------------------+
; Start date & time ; 09/21/2022 16:30:09 ;
; Main task         ; Compilation         ;
; Revision Name     ; 3_1-3_3             ;
+-------------------+---------------------+


+-------------------------------------------------------------------------------------------------------------------------------------------------------------------------+
; Flow Non-Default Global Settings                                                                                                                                        ;
+---------------------------------------+----------------------------------------------------------------------------------+---------------+-------------+----------------+
; Assignment Name                       ; Value                                                                            ; Default Value ; Entity Name ; Section Id     ;
+---------------------------------------+----------------------------------------------------------------------------------+---------------+-------------+----------------+
; COMPILER_SIGNATURE_ID                 ; 71094331888171.166376700900676                                                   ; --            ; --          ; --             ;
; MAX_CORE_JUNCTION_TEMP                ; 85                                                                               ; --            ; --          ; --             ;
; MIN_CORE_JUNCTION_TEMP                ; 0                                                                                ; --            ; --          ; --             ;
; MISC_FILE                             ; C:/Users/Nikita/labs5/Проектирование цифровых устройств/lab3/3_1-3_3/3_1-3_3.dpf ; --            ; --          ; --             ;
; MISC_FILE                             ; E:/3_1-3_3/3_1-3_3.dpf                                                           ; --            ; --          ; --             ;
; POWER_EXT_SUPPLY_VOLTAGE_TO_REGULATOR ; 3.3V                                                                             ; --            ; --          ; --             ;
; TOP_LEVEL_ENTITY                      ; s32_indic                                                                        ; 3_1-3_3       ; --          ; --             ;
; USE_GENERATED_PHYSICAL_CONSTRAINTS    ; Off                                                                              ; --            ; --          ; eda_blast_fpga ;
+---------------------------------------+----------------------------------------------------------------------------------+---------------+-------------+----------------+


+-----------------------------------------------------------------------------------------------------------------------------+
; Flow Elapsed Time                                                                                                           ;
+-------------------------+--------------+-------------------------+---------------------+------------------------------------+
; Module Name             ; Elapsed Time ; Average Processors Used ; Peak Virtual Memory ; Total CPU Time (on all processors) ;
+-------------------------+--------------+-------------------------+---------------------+------------------------------------+
; Analysis & Synthesis    ; 00:00:01     ; 1.0                     ; 201 MB              ; 00:00:01                           ;
; Fitter                  ; 00:00:00     ; 1.0                     ; 192 MB              ; 00:00:00                           ;
; Assembler               ; 00:00:00     ; 1.0                     ; 181 MB              ; 00:00:00                           ;
; Classic Timing Analyzer ; 00:00:01     ; 1.0                     ; 152 MB              ; 00:00:00                           ;
; Total                   ; 00:00:02     ; --                      ; --                  ; 00:00:01                           ;
+-------------------------+--------------+-------------------------+---------------------+------------------------------------+


+------------------------------------------------------------------------------------------+
; Flow OS Summary                                                                          ;
+-------------------------+------------------+---------------+------------+----------------+
; Module Name             ; Machine Hostname ; OS Name       ; OS Version ; Processor type ;
+-------------------------+------------------+---------------+------------+----------------+
; Analysis & Synthesis    ; ws210-6          ; Windows Vista ; 6.1        ; x86_64         ;
; Fitter                  ; ws210-6          ; Windows Vista ; 6.1        ; x86_64         ;
; Assembler               ; ws210-6          ; Windows Vista ; 6.1        ; x86_64         ;
; Classic Timing Analyzer ; ws210-6          ; Windows Vista ; 6.1        ; x86_64         ;
+-------------------------+------------------+---------------+------------+----------------+


------------
; Flow Log ;
------------
quartus_map --read_settings_files=on --write_settings_files=off 3_1-3_3 -c 3_1-3_3
quartus_fit --read_settings_files=off --write_settings_files=off 3_1-3_3 -c 3_1-3_3
quartus_asm --read_settings_files=off --write_settings_files=off 3_1-3_3 -c 3_1-3_3
quartus_tan --read_settings_files=off --write_settings_files=off 3_1-3_3 -c 3_1-3_3



