Classic Timing Analyzer report for lab3_4
Thu Oct 20 21:42:17 2022
Quartus II Version 8.1 Build 163 10/28/2008 SJ Web Edition


---------------------
; Table of Contents ;
---------------------
  1. Legal Notice
  2. Timing Analyzer Summary
  3. Timing Analyzer Settings
  4. tpd
  5. Timing Analyzer Messages



----------------
; Legal Notice ;
----------------
Copyright (C) 1991-2008 Altera Corporation
Your use of Altera Corporation's design tools, logic functions 
and other software and tools, and its AMPP partner logic 
functions, and any output files from any of the foregoing 
(including device programming or simulation files), and any 
associated documentation or information are expressly subject 
to the terms and conditions of the Altera Program License 
Subscription Agreement, Altera MegaCore Function License 
Agreement, or other applicable license agreement, including, 
without limitation, that your use is for the sole purpose of 
programming logic devices manufactured by Altera and sold by 
Altera or its authorized distributors.  Please refer to the 
applicable agreement for further details.



+--------------------------------------------------------------------------------------------------------------------------+
; Timing Analyzer Summary                                                                                                  ;
+------------------------------+-------+---------------+-------------+------+-------+------------+----------+--------------+
; Type                         ; Slack ; Required Time ; Actual Time ; From ; To    ; From Clock ; To Clock ; Failed Paths ;
+------------------------------+-------+---------------+-------------+------+-------+------------+----------+--------------+
; Worst-case tpd               ; N/A   ; None          ; 5.128 ns    ; b[3] ; vg[2] ; --         ; --       ; 0            ;
; Total number of failed paths ;       ;               ;             ;      ;       ;            ;          ; 0            ;
+------------------------------+-------+---------------+-------------+------+-------+------------+----------+--------------+


+--------------------------------------------------------------------------------------------------------------------+
; Timing Analyzer Settings                                                                                           ;
+---------------------------------------------------------------------+--------------------+------+----+-------------+
; Option                                                              ; Setting            ; From ; To ; Entity Name ;
+---------------------------------------------------------------------+--------------------+------+----+-------------+
; Device Name                                                         ; EPM240T100C3       ;      ;    ;             ;
; Timing Models                                                       ; Final              ;      ;    ;             ;
; Default hold multicycle                                             ; Same as Multicycle ;      ;    ;             ;
; Cut paths between unrelated clock domains                           ; On                 ;      ;    ;             ;
; Cut off read during write signal paths                              ; On                 ;      ;    ;             ;
; Cut off feedback from I/O pins                                      ; On                 ;      ;    ;             ;
; Report Combined Fast/Slow Timing                                    ; Off                ;      ;    ;             ;
; Ignore Clock Settings                                               ; Off                ;      ;    ;             ;
; Analyze latches as synchronous elements                             ; On                 ;      ;    ;             ;
; Enable Recovery/Removal analysis                                    ; Off                ;      ;    ;             ;
; Enable Clock Latency                                                ; Off                ;      ;    ;             ;
; Use TimeQuest Timing Analyzer                                       ; Off                ;      ;    ;             ;
; Number of source nodes to report per destination node               ; 10                 ;      ;    ;             ;
; Number of destination nodes to report                               ; 10                 ;      ;    ;             ;
; Number of paths to report                                           ; 200                ;      ;    ;             ;
; Report Minimum Timing Checks                                        ; Off                ;      ;    ;             ;
; Use Fast Timing Models                                              ; Off                ;      ;    ;             ;
; Report IO Paths Separately                                          ; Off                ;      ;    ;             ;
; Perform Multicorner Analysis                                        ; Off                ;      ;    ;             ;
; Reports the worst-case path for each clock domain and analysis      ; Off                ;      ;    ;             ;
; Removes common clock path pessimism (CCPP) during slack computation ; Off                ;      ;    ;             ;
; Output I/O Timing Endpoint                                          ; Near End           ;      ;    ;             ;
+---------------------------------------------------------------------+--------------------+------+----+-------------+


+------------------------------------------------------------+
; tpd                                                        ;
+-------+-------------------+-----------------+------+-------+
; Slack ; Required P2P Time ; Actual P2P Time ; From ; To    ;
+-------+-------------------+-----------------+------+-------+
; N/A   ; None              ; 5.128 ns        ; b[3] ; vg[2] ;
; N/A   ; None              ; 5.082 ns        ; b[0] ; sg[0] ;
; N/A   ; None              ; 4.962 ns        ; b[2] ; vg[2] ;
; N/A   ; None              ; 4.930 ns        ; b[3] ; sg[2] ;
; N/A   ; None              ; 4.764 ns        ; b[2] ; sg[2] ;
; N/A   ; None              ; 4.673 ns        ; b[2] ; vg[1] ;
; N/A   ; None              ; 4.673 ns        ; b[2] ; sg[1] ;
; N/A   ; None              ; 4.342 ns        ; b[1] ; sg[0] ;
; N/A   ; None              ; 4.312 ns        ; b[1] ; vg[1] ;
; N/A   ; None              ; 4.312 ns        ; b[1] ; sg[1] ;
; N/A   ; None              ; 4.243 ns        ; b[0] ; vg[0] ;
; N/A   ; None              ; 3.553 ns        ; b[3] ; sg[3] ;
; N/A   ; None              ; 3.503 ns        ; b[1] ; vg[0] ;
; N/A   ; None              ; 3.053 ns        ; b[3] ; vg[3] ;
+-------+-------------------+-----------------+------+-------+


+--------------------------+
; Timing Analyzer Messages ;
+--------------------------+
Info: *******************************************************************
Info: Running Quartus II Classic Timing Analyzer
    Info: Version 8.1 Build 163 10/28/2008 SJ Web Edition
    Info: Processing started: Thu Oct 20 21:42:17 2022
Info: Command: quartus_tan --read_settings_files=off --write_settings_files=off lab3_4 -c lab3_4
Info: Started post-fitting delay annotation
Info: Delay annotation completed successfully
Info: Longest tpd from source pin "b[3]" to destination pin "vg[2]" is 5.128 ns
    Info: 1: + IC(0.000 ns) + CELL(0.708 ns) = 0.708 ns; Loc. = PIN_2; Fanout = 3; PIN Node = 'b[3]'
    Info: 2: + IC(1.324 ns) + CELL(0.125 ns) = 2.157 ns; Loc. = LC_X2_Y3_N8; Fanout = 2; COMB Node = 's35_bin_to_gray:inst|inst3'
    Info: 3: + IC(1.517 ns) + CELL(1.454 ns) = 5.128 ns; Loc. = PIN_43; Fanout = 0; PIN Node = 'vg[2]'
    Info: Total cell delay = 2.287 ns ( 44.60 % )
    Info: Total interconnect delay = 2.841 ns ( 55.40 % )
Info: Quartus II Classic Timing Analyzer was successful. 0 errors, 0 warnings
    Info: Peak virtual memory: 177 megabytes
    Info: Processing ended: Thu Oct 20 21:42:17 2022
    Info: Elapsed time: 00:00:00
    Info: Total CPU time (on all processors): 00:00:00


