Classic Timing Analyzer report for 3_3
Wed Sep 21 17:24:45 2022
Quartus II Version 8.1 Build 163 10/28/2008 SJ Web Edition


---------------------
; Table of Contents ;
---------------------
  1. Legal Notice
  2. Timing Analyzer Summary
  3. Timing Analyzer Settings
  4. tpd
  5. Timing Analyzer Messages



----------------
; Legal Notice ;
----------------
Copyright (C) 1991-2008 Altera Corporation
Your use of Altera Corporation's design tools, logic functions 
and other software and tools, and its AMPP partner logic 
functions, and any output files from any of the foregoing 
(including device programming or simulation files), and any 
associated documentation or information are expressly subject 
to the terms and conditions of the Altera Program License 
Subscription Agreement, Altera MegaCore Function License 
Agreement, or other applicable license agreement, including, 
without limitation, that your use is for the sole purpose of 
programming logic devices manufactured by Altera and sold by 
Altera or its authorized distributors.  Please refer to the 
applicable agreement for further details.



+-----------------------------------------------------------------------------------------------------------------------+
; Timing Analyzer Summary                                                                                               ;
+------------------------------+-------+---------------+-------------+------+----+------------+----------+--------------+
; Type                         ; Slack ; Required Time ; Actual Time ; From ; To ; From Clock ; To Clock ; Failed Paths ;
+------------------------------+-------+---------------+-------------+------+----+------------+----------+--------------+
; Worst-case tpd               ; N/A   ; None          ; 9.374 ns    ; d[3] ; sg ; --         ; --       ; 0            ;
; Total number of failed paths ;       ;               ;             ;      ;    ;            ;          ; 0            ;
+------------------------------+-------+---------------+-------------+------+----+------------+----------+--------------+


+--------------------------------------------------------------------------------------------------------------------+
; Timing Analyzer Settings                                                                                           ;
+---------------------------------------------------------------------+--------------------+------+----+-------------+
; Option                                                              ; Setting            ; From ; To ; Entity Name ;
+---------------------------------------------------------------------+--------------------+------+----+-------------+
; Device Name                                                         ; EPM240T100C5       ;      ;    ;             ;
; Timing Models                                                       ; Final              ;      ;    ;             ;
; Default hold multicycle                                             ; Same as Multicycle ;      ;    ;             ;
; Cut paths between unrelated clock domains                           ; On                 ;      ;    ;             ;
; Cut off read during write signal paths                              ; On                 ;      ;    ;             ;
; Cut off feedback from I/O pins                                      ; On                 ;      ;    ;             ;
; Report Combined Fast/Slow Timing                                    ; Off                ;      ;    ;             ;
; Ignore Clock Settings                                               ; Off                ;      ;    ;             ;
; Analyze latches as synchronous elements                             ; On                 ;      ;    ;             ;
; Enable Recovery/Removal analysis                                    ; Off                ;      ;    ;             ;
; Enable Clock Latency                                                ; Off                ;      ;    ;             ;
; Use TimeQuest Timing Analyzer                                       ; Off                ;      ;    ;             ;
; Minimum Core Junction Temperature                                   ; 0                  ;      ;    ;             ;
; Maximum Core Junction Temperature                                   ; 85                 ;      ;    ;             ;
; Number of source nodes to report per destination node               ; 10                 ;      ;    ;             ;
; Number of destination nodes to report                               ; 10                 ;      ;    ;             ;
; Number of paths to report                                           ; 200                ;      ;    ;             ;
; Report Minimum Timing Checks                                        ; Off                ;      ;    ;             ;
; Use Fast Timing Models                                              ; Off                ;      ;    ;             ;
; Report IO Paths Separately                                          ; Off                ;      ;    ;             ;
; Perform Multicorner Analysis                                        ; Off                ;      ;    ;             ;
; Reports the worst-case path for each clock domain and analysis      ; Off                ;      ;    ;             ;
; Removes common clock path pessimism (CCPP) during slack computation ; Off                ;      ;    ;             ;
; Output I/O Timing Endpoint                                          ; Near End           ;      ;    ;             ;
+---------------------------------------------------------------------+--------------------+------+----+-------------+


+------------------------------------------------------------+
; tpd                                                        ;
+-------+-------------------+-----------------+------+-------+
; Slack ; Required P2P Time ; Actual P2P Time ; From ; To    ;
+-------+-------------------+-----------------+------+-------+
; N/A   ; None              ; 9.374 ns        ; d[3] ; sg    ;
; N/A   ; None              ; 8.697 ns        ; d[2] ; sg    ;
; N/A   ; None              ; 8.587 ns        ; d[0] ; sg    ;
; N/A   ; None              ; 8.295 ns        ; d[1] ; sg    ;
; N/A   ; None              ; 8.010 ns        ; d[2] ; sq[0] ;
; N/A   ; None              ; 7.913 ns        ; d[3] ; sq[0] ;
; N/A   ; None              ; 7.606 ns        ; d[1] ; sq[0] ;
; N/A   ; None              ; 6.797 ns        ; d[2] ; sq[1] ;
; N/A   ; None              ; 6.779 ns        ; d[3] ; sq[1] ;
+-------+-------------------+-----------------+------+-------+


+--------------------------+
; Timing Analyzer Messages ;
+--------------------------+
Info: *******************************************************************
Info: Running Quartus II Classic Timing Analyzer
    Info: Version 8.1 Build 163 10/28/2008 SJ Web Edition
    Info: Processing started: Wed Sep 21 17:24:45 2022
Info: Command: quartus_tan --read_settings_files=off --write_settings_files=off 3_3 -c 3_3
Info: Started post-fitting delay annotation
Info: Delay annotation completed successfully
Info: Longest tpd from source pin "d[3]" to destination pin "sg" is 9.374 ns
    Info: 1: + IC(0.000 ns) + CELL(1.132 ns) = 1.132 ns; Loc. = PIN_26; Fanout = 3; PIN Node = 'd[3]'
    Info: 2: + IC(2.485 ns) + CELL(0.914 ns) = 4.531 ns; Loc. = LC_X3_Y1_N3; Fanout = 1; COMB Node = 's33_cd:inst|inst4~40'
    Info: 3: + IC(2.521 ns) + CELL(2.322 ns) = 9.374 ns; Loc. = PIN_64; Fanout = 0; PIN Node = 'sg'
    Info: Total cell delay = 4.368 ns ( 46.60 % )
    Info: Total interconnect delay = 5.006 ns ( 53.40 % )
Info: Quartus II Classic Timing Analyzer was successful. 0 errors, 0 warnings
    Info: Peak virtual memory: 167 megabytes
    Info: Processing ended: Wed Sep 21 17:24:45 2022
    Info: Elapsed time: 00:00:00
    Info: Total CPU time (on all processors): 00:00:00


