Flow report for 3_3
Thu Oct 27 09:07:00 2022
Quartus II Version 8.1 Build 163 10/28/2008 SJ Web Edition


---------------------
; Table of Contents ;
---------------------
  1. Legal Notice
  2. Flow Summary
  3. Flow Settings
  4. Flow Non-Default Global Settings
  5. Flow Elapsed Time
  6. Flow OS Summary
  7. Flow Log



----------------
; Legal Notice ;
----------------
Copyright (C) 1991-2008 Altera Corporation
Your use of Altera Corporation's design tools, logic functions 
and other software and tools, and its AMPP partner logic 
functions, and any output files from any of the foregoing 
(including device programming or simulation files), and any 
associated documentation or information are expressly subject 
to the terms and conditions of the Altera Program License 
Subscription Agreement, Altera MegaCore Function License 
Agreement, or other applicable license agreement, including, 
without limitation, that your use is for the sole purpose of 
programming logic devices manufactured by Altera and sold by 
Altera or its authorized distributors.  Please refer to the 
applicable agreement for further details.



+-------------------------------------------------------------------+
; Flow Summary                                                      ;
+-------------------------+-----------------------------------------+
; Flow Status             ; Successful - Thu Oct 27 09:07:00 2022   ;
; Quartus II Version      ; 8.1 Build 163 10/28/2008 SJ Web Edition ;
; Revision Name           ; 3_3                                     ;
; Top-level Entity Name   ; sv33_cd                                 ;
; Family                  ; MAX II                                  ;
; Device                  ; EPM240T100C5                            ;
; Timing Models           ; Final                                   ;
; Met timing requirements ; Yes                                     ;
; Total logic elements    ; 3 / 240 ( 1 % )                         ;
; Total pins              ; 10 / 80 ( 13 % )                        ;
; Total virtual pins      ; 0                                       ;
; UFM blocks              ; 0 / 1 ( 0 % )                           ;
+-------------------------+-----------------------------------------+


+-----------------------------------------+
; Flow Settings                           ;
+-------------------+---------------------+
; Option            ; Setting             ;
+-------------------+---------------------+
; Start date & time ; 10/27/2022 09:06:56 ;
; Main task         ; Compilation         ;
; Revision Name     ; 3_3                 ;
+-------------------+---------------------+


+----------------------------------------------------------------------------------------------------------------------+
; Flow Non-Default Global Settings                                                                                     ;
+---------------------------------------+-------------------------------+---------------+-------------+----------------+
; Assignment Name                       ; Value                         ; Default Value ; Entity Name ; Section Id     ;
+---------------------------------------+-------------------------------+---------------+-------------+----------------+
; COMPILER_SIGNATURE_ID                 ; 9447194415088.166685081608188 ; --            ; --          ; --             ;
; MAX_CORE_JUNCTION_TEMP                ; 85                            ; --            ; --          ; --             ;
; MIN_CORE_JUNCTION_TEMP                ; 0                             ; --            ; --          ; --             ;
; MISC_FILE                             ; E:/3_1-3_3/3_3/3_3.dpf        ; --            ; --          ; --             ;
; POWER_EXT_SUPPLY_VOLTAGE_TO_REGULATOR ; 3.3V                          ; --            ; --          ; --             ;
; TOP_LEVEL_ENTITY                      ; sv33_cd                       ; 3_3           ; --          ; --             ;
; USE_GENERATED_PHYSICAL_CONSTRAINTS    ; Off                           ; --            ; --          ; eda_blast_fpga ;
+---------------------------------------+-------------------------------+---------------+-------------+----------------+


+-----------------------------------------------------------------------------------------------------------------------------+
; Flow Elapsed Time                                                                                                           ;
+-------------------------+--------------+-------------------------+---------------------+------------------------------------+
; Module Name             ; Elapsed Time ; Average Processors Used ; Peak Virtual Memory ; Total CPU Time (on all processors) ;
+-------------------------+--------------+-------------------------+---------------------+------------------------------------+
; Analysis & Synthesis    ; 00:00:01     ; 1.0                     ; 218 MB              ; 00:00:00                           ;
; Fitter                  ; 00:00:00     ; 1.0                     ; 217 MB              ; 00:00:00                           ;
; Assembler               ; 00:00:00     ; 1.0                     ; 193 MB              ; 00:00:00                           ;
; Classic Timing Analyzer ; 00:00:00     ; 1.0                     ; 165 MB              ; 00:00:00                           ;
; Total                   ; 00:00:01     ; --                      ; --                  ; 00:00:00                           ;
+-------------------------+--------------+-------------------------+---------------------+------------------------------------+


+------------------------------------------------------------------------------------------+
; Flow OS Summary                                                                          ;
+-------------------------+------------------+---------------+------------+----------------+
; Module Name             ; Machine Hostname ; OS Name       ; OS Version ; Processor type ;
+-------------------------+------------------+---------------+------------+----------------+
; Analysis & Synthesis    ; LAPTOP-642HNTAG  ; Windows Vista ; 6.2        ; x86_64         ;
; Fitter                  ; LAPTOP-642HNTAG  ; Windows Vista ; 6.2        ; x86_64         ;
; Assembler               ; LAPTOP-642HNTAG  ; Windows Vista ; 6.2        ; x86_64         ;
; Classic Timing Analyzer ; LAPTOP-642HNTAG  ; Windows Vista ; 6.2        ; x86_64         ;
+-------------------------+------------------+---------------+------------+----------------+


------------
; Flow Log ;
------------
quartus_map --read_settings_files=on --write_settings_files=off 3_3 -c 3_3
quartus_fit --read_settings_files=off --write_settings_files=off 3_3 -c 3_3
quartus_asm --read_settings_files=off --write_settings_files=off 3_3 -c 3_3
quartus_tan --read_settings_files=off --write_settings_files=off 3_3 -c 3_3



