c:\users\вячеслав\desktop\labs5\мзяп\lab5\lab5\debug\vc143.pdb
c:\users\вячеслав\desktop\labs5\мзяп\lab5\lab5\debug\vc143.idb
c:\users\вячеслав\desktop\labs5\мзяп\lab5\lab5\debug\createwindowex.obj
c:\users\вячеслав\desktop\labs5\мзяп\lab5\lab5\debug\prog.obj
c:\users\вячеслав\desktop\labs5\мзяп\lab5\lab5\debug\lab5.pdb
c:\users\вячеслав\desktop\labs5\мзяп\lab5\lab5\debug\lab5.tlog\cl.command.1.tlog
c:\users\вячеслав\desktop\labs5\мзяп\lab5\lab5\debug\lab5.tlog\cl.read.1.tlog
c:\users\вячеслав\desktop\labs5\мзяп\lab5\lab5\debug\lab5.tlog\cl.write.1.tlog
c:\users\вячеслав\desktop\labs5\мзяп\lab5\lab5\debug\lab5.tlog\link-cvtres.read.1.tlog
c:\users\вячеслав\desktop\labs5\мзяп\lab5\lab5\debug\lab5.tlog\link-cvtres.write.1.tlog
c:\users\вячеслав\desktop\labs5\мзяп\lab5\lab5\debug\lab5.tlog\link-rc.read.1.tlog
c:\users\вячеслав\desktop\labs5\мзяп\lab5\lab5\debug\lab5.tlog\link-rc.write.1.tlog
c:\users\вячеслав\desktop\labs5\мзяп\lab5\lab5\debug\lab5.tlog\link.9124-cvtres.read.1.tlog
c:\users\вячеслав\desktop\labs5\мзяп\lab5\lab5\debug\lab5.tlog\link.9124-cvtres.write.1.tlog
c:\users\вячеслав\desktop\labs5\мзяп\lab5\lab5\debug\lab5.tlog\link.9124-rc.read.1.tlog
c:\users\вячеслав\desktop\labs5\мзяп\lab5\lab5\debug\lab5.tlog\link.9124-rc.write.1.tlog
c:\users\вячеслав\desktop\labs5\мзяп\lab5\lab5\debug\lab5.tlog\link.9124.read.1.tlog
c:\users\вячеслав\desktop\labs5\мзяп\lab5\lab5\debug\lab5.tlog\link.9124.write.1.tlog
c:\users\вячеслав\desktop\labs5\мзяп\lab5\lab5\debug\lab5.tlog\link.command.1.tlog
c:\users\вячеслав\desktop\labs5\мзяп\lab5\lab5\debug\lab5.tlog\link.read.1.tlog
c:\users\вячеслав\desktop\labs5\мзяп\lab5\lab5\debug\lab5.tlog\link.write.1.tlog
c:\users\вячеслав\desktop\labs5\мзяп\lab5\lab5\debug\lab5.tlog\masm.read.1u.tlog
c:\users\вячеслав\desktop\labs5\мзяп\lab5\lab5\debug\lab5.tlog\masm.write.1u.tlog
