Assembler report for lab7
<<<<<<< HEAD
Wed Nov 30 17:47:21 2022
=======
Wed Nov 16 17:11:19 2022
>>>>>>> 773f9edf913f98580ecc0d28587cef0062fccf3d
Quartus II Version 8.1 Build 163 10/28/2008 SJ Web Edition


---------------------
; Table of Contents ;
---------------------
  1. Legal Notice
  2. Assembler Summary
  3. Assembler Settings
  4. Assembler Generated Files
<<<<<<< HEAD
  5. Assembler Device Options: C:/Users/Вячеслав/Desktop/labs5/Проектирование цифровых устройств/lab7/lab7.pof
=======
  5. Assembler Device Options: E:/lab7/lab7.pof
>>>>>>> 773f9edf913f98580ecc0d28587cef0062fccf3d
  6. Assembler Messages



----------------
; Legal Notice ;
----------------
Copyright (C) 1991-2008 Altera Corporation
Your use of Altera Corporation's design tools, logic functions 
and other software and tools, and its AMPP partner logic 
functions, and any output files from any of the foregoing 
(including device programming or simulation files), and any 
associated documentation or information are expressly subject 
to the terms and conditions of the Altera Program License 
Subscription Agreement, Altera MegaCore Function License 
Agreement, or other applicable license agreement, including, 
without limitation, that your use is for the sole purpose of 
programming logic devices manufactured by Altera and sold by 
Altera or its authorized distributors.  Please refer to the 
applicable agreement for further details.



+---------------------------------------------------------------+
; Assembler Summary                                             ;
+-----------------------+---------------------------------------+
<<<<<<< HEAD
; Assembler Status      ; Successful - Wed Nov 30 17:47:21 2022 ;
; Revision Name         ; lab7                                  ;
; Top-level Entity Name ; s75_counters                          ;
=======
; Assembler Status      ; Successful - Wed Nov 16 17:11:19 2022 ;
; Revision Name         ; lab7                                  ;
; Top-level Entity Name ; sv73_cdiv1                            ;
>>>>>>> 773f9edf913f98580ecc0d28587cef0062fccf3d
; Family                ; MAX II                                ;
; Device                ; EPM570ZM256C7                         ;
+-----------------------+---------------------------------------+


+---------------------------------------------------------------------------------------------------------+
; Assembler Settings                                                                                      ;
+-----------------------------------------------------------------------------+-----------+---------------+
; Option                                                                      ; Setting   ; Default Value ;
+-----------------------------------------------------------------------------+-----------+---------------+
; Use smart compilation                                                       ; Off       ; Off           ;
; Compression mode                                                            ; Off       ; Off           ;
; Clock source for configuration device                                       ; Internal  ; Internal      ;
; Clock frequency of the configuration device                                 ; 10 MHZ    ; 10 MHz        ;
; Divide clock frequency by                                                   ; 1         ; 1             ;
; Auto user code                                                              ; Off       ; Off           ;
; Security bit                                                                ; Off       ; Off           ;
; Use configuration device                                                    ; On        ; On            ;
; Configuration device                                                        ; Auto      ; Auto          ;
; Configuration device auto user code                                         ; Off       ; Off           ;
; Generate Tabular Text File (.ttf) For Target Device                         ; Off       ; Off           ;
; Generate Raw Binary File (.rbf) For Target Device                           ; Off       ; Off           ;
; Generate Hexadecimal (Intel-Format) Output File (.hexout) for Target Device ; Off       ; Off           ;
; Hexadecimal Output File start address                                       ; 0         ; 0             ;
; Hexadecimal Output File count direction                                     ; Up        ; Up            ;
; Generate Serial Vector Format File (.svf) for Target Device                 ; Off       ; Off           ;
; Generate a JEDEC STAPL Format File (.jam) for Target Device                 ; Off       ; Off           ;
; Generate a compressed Jam STAPL Byte Code 2.0 File (.jbc) for Target Device ; Off       ; Off           ;
; Generate a compressed Jam STAPL Byte Code 2.0 File (.jbc) for Target Device ; On        ; On            ;
; In-System Programming Default Clamp State                                   ; Tri-state ; Tri-state     ;
+-----------------------------------------------------------------------------+-----------+---------------+


<<<<<<< HEAD
+---------------------------------------------------------------------------------+
; Assembler Generated Files                                                       ;
+---------------------------------------------------------------------------------+
; File Name                                                                       ;
+---------------------------------------------------------------------------------+
; C:/Users/Вячеслав/Desktop/labs5/Проектирование цифровых устройств/lab7/lab7.pof ;
+---------------------------------------------------------------------------------+


+-----------------------------------------------------------------------------------------------------------+
; Assembler Device Options: C:/Users/Вячеслав/Desktop/labs5/Проектирование цифровых устройств/lab7/lab7.pof ;
+----------------+------------------------------------------------------------------------------------------+
; Option         ; Setting                                                                                  ;
+----------------+------------------------------------------------------------------------------------------+
; Device         ; EPM570ZM256C7                                                                            ;
; JTAG usercode  ; 0xFFFFFFFF                                                                               ;
; Checksum       ; 0x003412EF                                                                               ;
+----------------+------------------------------------------------------------------------------------------+
=======
+---------------------------+
; Assembler Generated Files ;
+---------------------------+
; File Name                 ;
+---------------------------+
; E:/lab7/lab7.pof          ;
+---------------------------+


+--------------------------------------------+
; Assembler Device Options: E:/lab7/lab7.pof ;
+----------------+---------------------------+
; Option         ; Setting                   ;
+----------------+---------------------------+
; Device         ; EPM570ZM256C7             ;
; JTAG usercode  ; 0xFFFFFFFF                ;
; Checksum       ; 0x0033FD1E                ;
+----------------+---------------------------+
>>>>>>> 773f9edf913f98580ecc0d28587cef0062fccf3d


+--------------------+
; Assembler Messages ;
+--------------------+
Info: *******************************************************************
Info: Running Quartus II Assembler
    Info: Version 8.1 Build 163 10/28/2008 SJ Web Edition
<<<<<<< HEAD
    Info: Processing started: Wed Nov 30 17:47:20 2022
=======
    Info: Processing started: Wed Nov 16 17:11:19 2022
>>>>>>> 773f9edf913f98580ecc0d28587cef0062fccf3d
Info: Command: quartus_asm --read_settings_files=off --write_settings_files=off lab7 -c lab7
Info: Writing out detailed assembly data for power analysis
Info: Assembler is generating device programming files
Info: Quartus II Assembler was successful. 0 errors, 0 warnings
<<<<<<< HEAD
    Info: Peak virtual memory: 194 megabytes
    Info: Processing ended: Wed Nov 30 17:47:22 2022
    Info: Elapsed time: 00:00:02
    Info: Total CPU time (on all processors): 00:00:01
=======
    Info: Peak virtual memory: 181 megabytes
    Info: Processing ended: Wed Nov 16 17:11:19 2022
    Info: Elapsed time: 00:00:00
    Info: Total CPU time (on all processors): 00:00:00
>>>>>>> 773f9edf913f98580ecc0d28587cef0062fccf3d


