Classic Timing Analyzer report for lab5
Wed Nov 16 10:27:06 2022
Quartus II Version 8.1 Build 163 10/28/2008 SJ Web Edition


---------------------
; Table of Contents ;
---------------------
  1. Legal Notice
  2. Timing Analyzer Summary
  3. Timing Analyzer Settings
  4. Clock Settings Summary
  5. Clock Setup: 'c'
  6. tsu
  7. tco
  8. th
  9. Timing Analyzer Messages



----------------
; Legal Notice ;
----------------
Copyright (C) 1991-2008 Altera Corporation
Your use of Altera Corporation's design tools, logic functions 
and other software and tools, and its AMPP partner logic 
functions, and any output files from any of the foregoing 
(including device programming or simulation files), and any 
associated documentation or information are expressly subject 
to the terms and conditions of the Altera Program License 
Subscription Agreement, Altera MegaCore Function License 
Agreement, or other applicable license agreement, including, 
without limitation, that your use is for the sole purpose of 
programming logic devices manufactured by Altera and sold by 
Altera or its authorized distributors.  Please refer to the 
applicable agreement for further details.



+----------------------------------------------------------------------------------------------------------------------------------------------------------------+
; Timing Analyzer Summary                                                                                                                                        ;
+------------------------------+-------+---------------+------------------------------------------------+--------+--------+------------+----------+--------------+
; Type                         ; Slack ; Required Time ; Actual Time                                    ; From   ; To     ; From Clock ; To Clock ; Failed Paths ;
+------------------------------+-------+---------------+------------------------------------------------+--------+--------+------------+----------+--------------+
; Worst-case tsu               ; N/A   ; None          ; 1.020 ns                                       ; k      ; q~reg0 ; --         ; c        ; 0            ;
; Worst-case tco               ; N/A   ; None          ; 8.733 ns                                       ; q~reg0 ; q      ; c          ; --       ; 0            ;
; Worst-case th                ; N/A   ; None          ; -0.228 ns                                      ; j      ; q~reg0 ; --         ; c        ; 0            ;
; Clock Setup: 'c'             ; N/A   ; None          ; Restricted to 304.04 MHz ( period = 3.289 ns ) ; q~reg0 ; q~reg0 ; c          ; c        ; 0            ;
; Total number of failed paths ;       ;               ;                                                ;        ;        ;            ;          ; 0            ;
+------------------------------+-------+---------------+------------------------------------------------+--------+--------+------------+----------+--------------+


+--------------------------------------------------------------------------------------------------------------------+
; Timing Analyzer Settings                                                                                           ;
+---------------------------------------------------------------------+--------------------+------+----+-------------+
; Option                                                              ; Setting            ; From ; To ; Entity Name ;
+---------------------------------------------------------------------+--------------------+------+----+-------------+
; Device Name                                                         ; EPM240T100C5       ;      ;    ;             ;
; Timing Models                                                       ; Final              ;      ;    ;             ;
; Default hold multicycle                                             ; Same as Multicycle ;      ;    ;             ;
; Cut paths between unrelated clock domains                           ; On                 ;      ;    ;             ;
; Cut off read during write signal paths                              ; On                 ;      ;    ;             ;
; Cut off feedback from I/O pins                                      ; On                 ;      ;    ;             ;
; Report Combined Fast/Slow Timing                                    ; Off                ;      ;    ;             ;
; Ignore Clock Settings                                               ; Off                ;      ;    ;             ;
; Analyze latches as synchronous elements                             ; On                 ;      ;    ;             ;
; Enable Recovery/Removal analysis                                    ; Off                ;      ;    ;             ;
; Enable Clock Latency                                                ; Off                ;      ;    ;             ;
; Use TimeQuest Timing Analyzer                                       ; Off                ;      ;    ;             ;
; Minimum Core Junction Temperature                                   ; 0                  ;      ;    ;             ;
; Maximum Core Junction Temperature                                   ; 85                 ;      ;    ;             ;
; Number of source nodes to report per destination node               ; 10                 ;      ;    ;             ;
; Number of destination nodes to report                               ; 10                 ;      ;    ;             ;
; Number of paths to report                                           ; 200                ;      ;    ;             ;
; Report Minimum Timing Checks                                        ; Off                ;      ;    ;             ;
; Use Fast Timing Models                                              ; Off                ;      ;    ;             ;
; Report IO Paths Separately                                          ; Off                ;      ;    ;             ;
; Perform Multicorner Analysis                                        ; Off                ;      ;    ;             ;
; Reports the worst-case path for each clock domain and analysis      ; Off                ;      ;    ;             ;
; Removes common clock path pessimism (CCPP) during slack computation ; Off                ;      ;    ;             ;
; Output I/O Timing Endpoint                                          ; Near End           ;      ;    ;             ;
+---------------------------------------------------------------------+--------------------+------+----+-------------+


+------------------------------------------------------------------------------------------------------------------------------------------------------------------------------------+
; Clock Settings Summary                                                                                                                                                             ;
+-----------------+--------------------+----------+------------------+---------------+--------------+----------+-----------------------+---------------------+--------+--------------+
; Clock Node Name ; Clock Setting Name ; Type     ; Fmax Requirement ; Early Latency ; Late Latency ; Based on ; Multiply Base Fmax by ; Divide Base Fmax by ; Offset ; Phase offset ;
+-----------------+--------------------+----------+------------------+---------------+--------------+----------+-----------------------+---------------------+--------+--------------+
; c               ;                    ; User Pin ; None             ; 0.000 ns      ; 0.000 ns     ; --       ; N/A                   ; N/A                 ; N/A    ;              ;
+-----------------+--------------------+----------+------------------+---------------+--------------+----------+-----------------------+---------------------+--------+--------------+


+--------------------------------------------------------------------------------------------------------------------------------------------------------------------------------------+
; Clock Setup: 'c'                                                                                                                                                                     ;
+-------+------------------------------------------------+--------+--------+------------+----------+-----------------------------+---------------------------+-------------------------+
; Slack ; Actual fmax (period)                           ; From   ; To     ; From Clock ; To Clock ; Required Setup Relationship ; Required Longest P2P Time ; Actual Longest P2P Time ;
+-------+------------------------------------------------+--------+--------+------------+----------+-----------------------------+---------------------------+-------------------------+
; N/A   ; Restricted to 304.04 MHz ( period = 3.289 ns ) ; q~reg0 ; q~reg0 ; c          ; c        ; None                        ; None                      ; 1.744 ns                ;
+-------+------------------------------------------------+--------+--------+------------+----------+-----------------------------+---------------------------+-------------------------+


+--------------------------------------------------------------+
; tsu                                                          ;
+-------+--------------+------------+------+--------+----------+
; Slack ; Required tsu ; Actual tsu ; From ; To     ; To Clock ;
+-------+--------------+------------+------+--------+----------+
; N/A   ; None         ; 1.020 ns   ; k    ; q~reg0 ; c        ;
; N/A   ; None         ; 0.782 ns   ; j    ; q~reg0 ; c        ;
+-------+--------------+------------+------+--------+----------+


+--------------------------------------------------------------+
; tco                                                          ;
+-------+--------------+------------+--------+----+------------+
; Slack ; Required tco ; Actual tco ; From   ; To ; From Clock ;
+-------+--------------+------------+--------+----+------------+
; N/A   ; None         ; 8.733 ns   ; q~reg0 ; q  ; c          ;
+-------+--------------+------------+--------+----+------------+


+--------------------------------------------------------------------+
; th                                                                 ;
+---------------+-------------+-----------+------+--------+----------+
; Minimum Slack ; Required th ; Actual th ; From ; To     ; To Clock ;
+---------------+-------------+-----------+------+--------+----------+
; N/A           ; None        ; -0.228 ns ; j    ; q~reg0 ; c        ;
; N/A           ; None        ; -0.466 ns ; k    ; q~reg0 ; c        ;
+---------------+-------------+-----------+------+--------+----------+


+--------------------------+
; Timing Analyzer Messages ;
+--------------------------+
Info: *******************************************************************
Info: Running Quartus II Classic Timing Analyzer
    Info: Version 8.1 Build 163 10/28/2008 SJ Web Edition
    Info: Processing started: Wed Nov 16 10:27:06 2022
Info: Command: quartus_tan --read_settings_files=off --write_settings_files=off lab5 -c lab5
Info: Started post-fitting delay annotation
Info: Delay annotation completed successfully
Warning: Found pins functioning as undefined clocks and/or memory enables
    Info: Assuming node "c" is an undefined clock
Info: Clock "c" Internal fmax is restricted to 304.04 MHz between source register "q~reg0" and destination register "q~reg0"
    Info: fmax restricted to clock pin edge rate 3.289 ns. Expand message to see actual delay path.
        Info: + Longest register to register delay is 1.744 ns
            Info: 1: + IC(0.000 ns) + CELL(0.000 ns) = 0.000 ns; Loc. = LC_X7_Y2_N4; Fanout = 2; REG Node = 'q~reg0'
            Info: 2: + IC(0.940 ns) + CELL(0.804 ns) = 1.744 ns; Loc. = LC_X7_Y2_N4; Fanout = 2; REG Node = 'q~reg0'
            Info: Total cell delay = 0.804 ns ( 46.10 % )
            Info: Total interconnect delay = 0.940 ns ( 53.90 % )
        Info: - Smallest clock skew is 0.000 ns
            Info: + Shortest clock path from clock "c" to destination register is 5.268 ns
                Info: 1: + IC(0.000 ns) + CELL(1.132 ns) = 1.132 ns; Loc. = PIN_26; Fanout = 1; CLK Node = 'c'
                Info: 2: + IC(3.218 ns) + CELL(0.918 ns) = 5.268 ns; Loc. = LC_X7_Y2_N4; Fanout = 2; REG Node = 'q~reg0'
                Info: Total cell delay = 2.050 ns ( 38.91 % )
                Info: Total interconnect delay = 3.218 ns ( 61.09 % )
            Info: - Longest clock path from clock "c" to source register is 5.268 ns
                Info: 1: + IC(0.000 ns) + CELL(1.132 ns) = 1.132 ns; Loc. = PIN_26; Fanout = 1; CLK Node = 'c'
                Info: 2: + IC(3.218 ns) + CELL(0.918 ns) = 5.268 ns; Loc. = LC_X7_Y2_N4; Fanout = 2; REG Node = 'q~reg0'
                Info: Total cell delay = 2.050 ns ( 38.91 % )
                Info: Total interconnect delay = 3.218 ns ( 61.09 % )
        Info: + Micro clock to output delay of source is 0.376 ns
        Info: + Micro setup delay of destination is 0.333 ns
Info: tsu for register "q~reg0" (data pin = "k", clock pin = "c") is 1.020 ns
    Info: + Longest pin to register delay is 5.955 ns
        Info: 1: + IC(0.000 ns) + CELL(1.132 ns) = 1.132 ns; Loc. = PIN_49; Fanout = 1; PIN Node = 'k'
        Info: 2: + IC(4.232 ns) + CELL(0.591 ns) = 5.955 ns; Loc. = LC_X7_Y2_N4; Fanout = 2; REG Node = 'q~reg0'
        Info: Total cell delay = 1.723 ns ( 28.93 % )
        Info: Total interconnect delay = 4.232 ns ( 71.07 % )
    Info: + Micro setup delay of destination is 0.333 ns
    Info: - Shortest clock path from clock "c" to destination register is 5.268 ns
        Info: 1: + IC(0.000 ns) + CELL(1.132 ns) = 1.132 ns; Loc. = PIN_26; Fanout = 1; CLK Node = 'c'
        Info: 2: + IC(3.218 ns) + CELL(0.918 ns) = 5.268 ns; Loc. = LC_X7_Y2_N4; Fanout = 2; REG Node = 'q~reg0'
        Info: Total cell delay = 2.050 ns ( 38.91 % )
        Info: Total interconnect delay = 3.218 ns ( 61.09 % )
Info: tco from clock "c" to destination pin "q" through register "q~reg0" is 8.733 ns
    Info: + Longest clock path from clock "c" to source register is 5.268 ns
        Info: 1: + IC(0.000 ns) + CELL(1.132 ns) = 1.132 ns; Loc. = PIN_26; Fanout = 1; CLK Node = 'c'
        Info: 2: + IC(3.218 ns) + CELL(0.918 ns) = 5.268 ns; Loc. = LC_X7_Y2_N4; Fanout = 2; REG Node = 'q~reg0'
        Info: Total cell delay = 2.050 ns ( 38.91 % )
        Info: Total interconnect delay = 3.218 ns ( 61.09 % )
    Info: + Micro clock to output delay of source is 0.376 ns
    Info: + Longest register to pin delay is 3.089 ns
        Info: 1: + IC(0.000 ns) + CELL(0.000 ns) = 0.000 ns; Loc. = LC_X7_Y2_N4; Fanout = 2; REG Node = 'q~reg0'
        Info: 2: + IC(0.767 ns) + CELL(2.322 ns) = 3.089 ns; Loc. = PIN_58; Fanout = 0; PIN Node = 'q'
        Info: Total cell delay = 2.322 ns ( 75.17 % )
        Info: Total interconnect delay = 0.767 ns ( 24.83 % )
Info: th for register "q~reg0" (data pin = "j", clock pin = "c") is -0.228 ns
    Info: + Longest clock path from clock "c" to destination register is 5.268 ns
        Info: 1: + IC(0.000 ns) + CELL(1.132 ns) = 1.132 ns; Loc. = PIN_26; Fanout = 1; CLK Node = 'c'
        Info: 2: + IC(3.218 ns) + CELL(0.918 ns) = 5.268 ns; Loc. = LC_X7_Y2_N4; Fanout = 2; REG Node = 'q~reg0'
        Info: Total cell delay = 2.050 ns ( 38.91 % )
        Info: Total interconnect delay = 3.218 ns ( 61.09 % )
    Info: + Micro hold delay of destination is 0.221 ns
    Info: - Shortest pin to register delay is 5.717 ns
        Info: 1: + IC(0.000 ns) + CELL(1.163 ns) = 1.163 ns; Loc. = PIN_62; Fanout = 1; PIN Node = 'j'
        Info: 2: + IC(3.371 ns) + CELL(1.183 ns) = 5.717 ns; Loc. = LC_X7_Y2_N4; Fanout = 2; REG Node = 'q~reg0'
        Info: Total cell delay = 2.346 ns ( 41.04 % )
        Info: Total interconnect delay = 3.371 ns ( 58.96 % )
Info: Quartus II Classic Timing Analyzer was successful. 0 errors, 1 warning
    Info: Peak virtual memory: 179 megabytes
    Info: Processing ended: Wed Nov 16 10:27:06 2022
    Info: Elapsed time: 00:00:00
    Info: Total CPU time (on all processors): 00:00:00


