Classic Timing Analyzer report for lab8
Wed Nov 30 17:51:53 2022
Quartus II Version 8.1 Build 163 10/28/2008 SJ Web Edition


---------------------
; Table of Contents ;
---------------------
  1. Legal Notice
  2. Timing Analyzer Summary
  3. Timing Analyzer Settings
  4. Clock Settings Summary
  5. Clock Setup: 'c'
  6. tco
  7. Timing Analyzer Messages



----------------
; Legal Notice ;
----------------
Copyright (C) 1991-2008 Altera Corporation
Your use of Altera Corporation's design tools, logic functions 
and other software and tools, and its AMPP partner logic 
functions, and any output files from any of the foregoing 
(including device programming or simulation files), and any 
associated documentation or information are expressly subject 
to the terms and conditions of the Altera Program License 
Subscription Agreement, Altera MegaCore Function License 
Agreement, or other applicable license agreement, including, 
without limitation, that your use is for the sole purpose of 
programming logic devices manufactured by Altera and sold by 
Altera or its authorized distributors.  Please refer to the 
applicable agreement for further details.



+--------------------------------------------------------------------------------------------------------------------------------------------------------+
; Timing Analyzer Summary                                                                                                                                ;
+------------------------------+-------+---------------+----------------------------------+-----------+-----------+------------+----------+--------------+
; Type                         ; Slack ; Required Time ; Actual Time                      ; From      ; To        ; From Clock ; To Clock ; Failed Paths ;
+------------------------------+-------+---------------+----------------------------------+-----------+-----------+------------+----------+--------------+
; Worst-case tco               ; N/A   ; None          ; 15.131 ns                        ; q[2]~reg0 ; q[2]      ; c          ; --       ; 0            ;
; Clock Setup: 'c'             ; N/A   ; None          ; 184.95 MHz ( period = 5.407 ns ) ; q[0]~reg0 ; q[2]~reg0 ; c          ; c        ; 0            ;
; Total number of failed paths ;       ;               ;                                  ;           ;           ;            ;          ; 0            ;
+------------------------------+-------+---------------+----------------------------------+-----------+-----------+------------+----------+--------------+


+--------------------------------------------------------------------------------------------------------------------+
; Timing Analyzer Settings                                                                                           ;
+---------------------------------------------------------------------+--------------------+------+----+-------------+
; Option                                                              ; Setting            ; From ; To ; Entity Name ;
+---------------------------------------------------------------------+--------------------+------+----+-------------+
; Device Name                                                         ; EPM570ZM256C7      ;      ;    ;             ;
; Timing Models                                                       ; Preliminary        ;      ;    ;             ;
; Default hold multicycle                                             ; Same as Multicycle ;      ;    ;             ;
; Cut paths between unrelated clock domains                           ; On                 ;      ;    ;             ;
; Cut off read during write signal paths                              ; On                 ;      ;    ;             ;
; Cut off feedback from I/O pins                                      ; On                 ;      ;    ;             ;
; Report Combined Fast/Slow Timing                                    ; Off                ;      ;    ;             ;
; Ignore Clock Settings                                               ; Off                ;      ;    ;             ;
; Analyze latches as synchronous elements                             ; On                 ;      ;    ;             ;
; Enable Recovery/Removal analysis                                    ; Off                ;      ;    ;             ;
; Enable Clock Latency                                                ; Off                ;      ;    ;             ;
; Use TimeQuest Timing Analyzer                                       ; Off                ;      ;    ;             ;
; Minimum Core Junction Temperature                                   ; 0                  ;      ;    ;             ;
; Maximum Core Junction Temperature                                   ; 85                 ;      ;    ;             ;
; Number of source nodes to report per destination node               ; 10                 ;      ;    ;             ;
; Number of destination nodes to report                               ; 10                 ;      ;    ;             ;
; Number of paths to report                                           ; 200                ;      ;    ;             ;
; Report Minimum Timing Checks                                        ; Off                ;      ;    ;             ;
; Use Fast Timing Models                                              ; Off                ;      ;    ;             ;
; Report IO Paths Separately                                          ; Off                ;      ;    ;             ;
; Perform Multicorner Analysis                                        ; Off                ;      ;    ;             ;
; Reports the worst-case path for each clock domain and analysis      ; Off                ;      ;    ;             ;
; Removes common clock path pessimism (CCPP) during slack computation ; Off                ;      ;    ;             ;
; Output I/O Timing Endpoint                                          ; Near End           ;      ;    ;             ;
+---------------------------------------------------------------------+--------------------+------+----+-------------+


+------------------------------------------------------------------------------------------------------------------------------------------------------------------------------------+
; Clock Settings Summary                                                                                                                                                             ;
+-----------------+--------------------+----------+------------------+---------------+--------------+----------+-----------------------+---------------------+--------+--------------+
; Clock Node Name ; Clock Setting Name ; Type     ; Fmax Requirement ; Early Latency ; Late Latency ; Based on ; Multiply Base Fmax by ; Divide Base Fmax by ; Offset ; Phase offset ;
+-----------------+--------------------+----------+------------------+---------------+--------------+----------+-----------------------+---------------------+--------+--------------+
; c               ;                    ; User Pin ; None             ; 0.000 ns      ; 0.000 ns     ; --       ; N/A                   ; N/A                 ; N/A    ;              ;
+-----------------+--------------------+----------+------------------+---------------+--------------+----------+-----------------------+---------------------+--------+--------------+


+------------------------------------------------------------------------------------------------------------------------------------------------------------------------------+
; Clock Setup: 'c'                                                                                                                                                             ;
+-------+----------------------------------+-----------+-----------+------------+----------+-----------------------------+---------------------------+-------------------------+
; Slack ; Actual fmax (period)             ; From      ; To        ; From Clock ; To Clock ; Required Setup Relationship ; Required Longest P2P Time ; Actual Longest P2P Time ;
+-------+----------------------------------+-----------+-----------+------------+----------+-----------------------------+---------------------------+-------------------------+
; N/A   ; 184.95 MHz ( period = 5.407 ns ) ; q[0]~reg0 ; q[2]~reg0 ; c          ; c        ; None                        ; None                      ; 4.599 ns                ;
; N/A   ; 208.94 MHz ( period = 4.786 ns ) ; q[1]~reg0 ; q[2]~reg0 ; c          ; c        ; None                        ; None                      ; 3.978 ns                ;
; N/A   ; 209.25 MHz ( period = 4.779 ns ) ; q[1]~reg0 ; q[1]~reg0 ; c          ; c        ; None                        ; None                      ; 3.971 ns                ;
; N/A   ; 283.37 MHz ( period = 3.529 ns ) ; q[0]~reg0 ; q[1]~reg0 ; c          ; c        ; None                        ; None                      ; 2.721 ns                ;
; N/A   ; 284.41 MHz ( period = 3.516 ns ) ; q[0]~reg0 ; q[0]~reg0 ; c          ; c        ; None                        ; None                      ; 2.708 ns                ;
; N/A   ; 291.80 MHz ( period = 3.427 ns ) ; q[2]~reg0 ; q[2]~reg0 ; c          ; c        ; None                        ; None                      ; 2.619 ns                ;
+-------+----------------------------------+-----------+-----------+------------+----------+-----------------------------+---------------------------+-------------------------+


+-------------------------------------------------------------------+
; tco                                                               ;
+-------+--------------+------------+-----------+------+------------+
; Slack ; Required tco ; Actual tco ; From      ; To   ; From Clock ;
+-------+--------------+------------+-----------+------+------------+
; N/A   ; None         ; 15.131 ns  ; q[2]~reg0 ; q[2] ; c          ;
; N/A   ; None         ; 14.330 ns  ; q[1]~reg0 ; y[1] ; c          ;
; N/A   ; None         ; 14.292 ns  ; q[0]~reg0 ; y[1] ; c          ;
; N/A   ; None         ; 14.058 ns  ; q[1]~reg0 ; y[2] ; c          ;
; N/A   ; None         ; 14.036 ns  ; q[1]~reg0 ; y[0] ; c          ;
; N/A   ; None         ; 14.010 ns  ; q[0]~reg0 ; y[0] ; c          ;
; N/A   ; None         ; 13.675 ns  ; q[2]~reg0 ; y[2] ; c          ;
; N/A   ; None         ; 12.709 ns  ; q[2]~reg0 ; y[1] ; c          ;
; N/A   ; None         ; 12.449 ns  ; q[1]~reg0 ; y[3] ; c          ;
; N/A   ; None         ; 12.417 ns  ; q[2]~reg0 ; y[0] ; c          ;
; N/A   ; None         ; 12.124 ns  ; q[1]~reg0 ; q[1] ; c          ;
; N/A   ; None         ; 12.071 ns  ; q[2]~reg0 ; y[3] ; c          ;
; N/A   ; None         ; 11.439 ns  ; q[0]~reg0 ; y[2] ; c          ;
; N/A   ; None         ; 10.596 ns  ; q[0]~reg0 ; q[0] ; c          ;
; N/A   ; None         ; 9.838 ns   ; q[0]~reg0 ; y[3] ; c          ;
+-------+--------------+------------+-----------+------+------------+


+--------------------------+
; Timing Analyzer Messages ;
+--------------------------+
Info: *******************************************************************
Info: Running Quartus II Classic Timing Analyzer
    Info: Version 8.1 Build 163 10/28/2008 SJ Web Edition
    Info: Processing started: Wed Nov 30 17:51:52 2022
Info: Command: quartus_tan --read_settings_files=off --write_settings_files=off lab8 -c lab8
Info: Started post-fitting delay annotation
Warning: Timing characteristics of device EPM570ZM256C7 are preliminary
Info: Delay annotation completed successfully
Warning: Found pins functioning as undefined clocks and/or memory enables
    Info: Assuming node "c" is an undefined clock
Info: Clock "c" has Internal fmax of 184.95 MHz between source register "q[0]~reg0" and destination register "q[2]~reg0" (period= 5.407 ns)
    Info: + Longest register to register delay is 4.599 ns
        Info: 1: + IC(0.000 ns) + CELL(0.000 ns) = 0.000 ns; Loc. = LC_X1_Y4_N2; Fanout = 8; REG Node = 'q[0]~reg0'
        Info: 2: + IC(1.976 ns) + CELL(2.623 ns) = 4.599 ns; Loc. = LC_X1_Y4_N8; Fanout = 6; REG Node = 'q[2]~reg0'
        Info: Total cell delay = 2.623 ns ( 57.03 % )
        Info: Total interconnect delay = 1.976 ns ( 42.97 % )
    Info: - Smallest clock skew is 0.000 ns
        Info: + Shortest clock path from clock "c" to destination register is 4.184 ns
            Info: 1: + IC(0.000 ns) + CELL(0.970 ns) = 0.970 ns; Loc. = PIN_K1; Fanout = 3; CLK Node = 'c'
            Info: 2: + IC(1.590 ns) + CELL(1.624 ns) = 4.184 ns; Loc. = LC_X1_Y4_N8; Fanout = 6; REG Node = 'q[2]~reg0'
            Info: Total cell delay = 2.594 ns ( 62.00 % )
            Info: Total interconnect delay = 1.590 ns ( 38.00 % )
        Info: - Longest clock path from clock "c" to source register is 4.184 ns
            Info: 1: + IC(0.000 ns) + CELL(0.970 ns) = 0.970 ns; Loc. = PIN_K1; Fanout = 3; CLK Node = 'c'
            Info: 2: + IC(1.590 ns) + CELL(1.624 ns) = 4.184 ns; Loc. = LC_X1_Y4_N2; Fanout = 8; REG Node = 'q[0]~reg0'
            Info: Total cell delay = 2.594 ns ( 62.00 % )
            Info: Total interconnect delay = 1.590 ns ( 38.00 % )
    Info: + Micro clock to output delay of source is 0.489 ns
    Info: + Micro setup delay of destination is 0.319 ns
Info: tco from clock "c" to destination pin "q[2]" through register "q[2]~reg0" is 15.131 ns
    Info: + Longest clock path from clock "c" to source register is 4.184 ns
        Info: 1: + IC(0.000 ns) + CELL(0.970 ns) = 0.970 ns; Loc. = PIN_K1; Fanout = 3; CLK Node = 'c'
        Info: 2: + IC(1.590 ns) + CELL(1.624 ns) = 4.184 ns; Loc. = LC_X1_Y4_N8; Fanout = 6; REG Node = 'q[2]~reg0'
        Info: Total cell delay = 2.594 ns ( 62.00 % )
        Info: Total interconnect delay = 1.590 ns ( 38.00 % )
    Info: + Micro clock to output delay of source is 0.489 ns
    Info: + Longest register to pin delay is 10.458 ns
        Info: 1: + IC(0.000 ns) + CELL(0.000 ns) = 0.000 ns; Loc. = LC_X1_Y4_N8; Fanout = 6; REG Node = 'q[2]~reg0'
        Info: 2: + IC(8.484 ns) + CELL(1.974 ns) = 10.458 ns; Loc. = PIN_E17; Fanout = 0; PIN Node = 'q[2]'
        Info: Total cell delay = 1.974 ns ( 18.88 % )
        Info: Total interconnect delay = 8.484 ns ( 81.12 % )
Info: Quartus II Classic Timing Analyzer was successful. 0 errors, 2 warnings
    Info: Peak virtual memory: 167 megabytes
    Info: Processing ended: Wed Nov 30 17:51:53 2022
    Info: Elapsed time: 00:00:01
    Info: Total CPU time (on all processors): 00:00:00


