Classic Timing Analyzer report for lab_4
Wed Oct 05 10:06:47 2022
Quartus II Version 8.1 Build 163 10/28/2008 SJ Web Edition


---------------------
; Table of Contents ;
---------------------
  1. Legal Notice
  2. Timing Analyzer Summary
  3. Timing Analyzer Settings
  4. tpd
  5. Timing Analyzer Messages



----------------
; Legal Notice ;
----------------
Copyright (C) 1991-2008 Altera Corporation
Your use of Altera Corporation's design tools, logic functions 
and other software and tools, and its AMPP partner logic 
functions, and any output files from any of the foregoing 
(including device programming or simulation files), and any 
associated documentation or information are expressly subject 
to the terms and conditions of the Altera Program License 
Subscription Agreement, Altera MegaCore Function License 
Agreement, or other applicable license agreement, including, 
without limitation, that your use is for the sole purpose of 
programming logic devices manufactured by Altera and sold by 
Altera or its authorized distributors.  Please refer to the 
applicable agreement for further details.



+-------------------------------------------------------------------------------------------------------------------------+
; Timing Analyzer Summary                                                                                                 ;
+------------------------------+-------+---------------+-------------+------+------+------------+----------+--------------+
; Type                         ; Slack ; Required Time ; Actual Time ; From ; To   ; From Clock ; To Clock ; Failed Paths ;
+------------------------------+-------+---------------+-------------+------+------+------------+----------+--------------+
; Worst-case tpd               ; N/A   ; None          ; 8.511 ns    ; a[2] ; y[2] ; --         ; --       ; 0            ;
; Total number of failed paths ;       ;               ;             ;      ;      ;            ;          ; 0            ;
+------------------------------+-------+---------------+-------------+------+------+------------+----------+--------------+


+--------------------------------------------------------------------------------------------------------------------+
; Timing Analyzer Settings                                                                                           ;
+---------------------------------------------------------------------+--------------------+------+----+-------------+
; Option                                                              ; Setting            ; From ; To ; Entity Name ;
+---------------------------------------------------------------------+--------------------+------+----+-------------+
; Device Name                                                         ; EPM240T100C5       ;      ;    ;             ;
; Timing Models                                                       ; Final              ;      ;    ;             ;
; Default hold multicycle                                             ; Same as Multicycle ;      ;    ;             ;
; Cut paths between unrelated clock domains                           ; On                 ;      ;    ;             ;
; Cut off read during write signal paths                              ; On                 ;      ;    ;             ;
; Cut off feedback from I/O pins                                      ; On                 ;      ;    ;             ;
; Report Combined Fast/Slow Timing                                    ; Off                ;      ;    ;             ;
; Ignore Clock Settings                                               ; Off                ;      ;    ;             ;
; Analyze latches as synchronous elements                             ; On                 ;      ;    ;             ;
; Enable Recovery/Removal analysis                                    ; Off                ;      ;    ;             ;
; Enable Clock Latency                                                ; Off                ;      ;    ;             ;
; Use TimeQuest Timing Analyzer                                       ; Off                ;      ;    ;             ;
; Minimum Core Junction Temperature                                   ; 0                  ;      ;    ;             ;
; Maximum Core Junction Temperature                                   ; 85                 ;      ;    ;             ;
; Number of source nodes to report per destination node               ; 10                 ;      ;    ;             ;
; Number of destination nodes to report                               ; 10                 ;      ;    ;             ;
; Number of paths to report                                           ; 200                ;      ;    ;             ;
; Report Minimum Timing Checks                                        ; Off                ;      ;    ;             ;
; Use Fast Timing Models                                              ; Off                ;      ;    ;             ;
; Report IO Paths Separately                                          ; Off                ;      ;    ;             ;
; Perform Multicorner Analysis                                        ; Off                ;      ;    ;             ;
; Reports the worst-case path for each clock domain and analysis      ; Off                ;      ;    ;             ;
; Removes common clock path pessimism (CCPP) during slack computation ; Off                ;      ;    ;             ;
; Output I/O Timing Endpoint                                          ; Near End           ;      ;    ;             ;
+---------------------------------------------------------------------+--------------------+------+----+-------------+


+-----------------------------------------------------------+
; tpd                                                       ;
+-------+-------------------+-----------------+------+------+
; Slack ; Required P2P Time ; Actual P2P Time ; From ; To   ;
+-------+-------------------+-----------------+------+------+
; N/A   ; None              ; 8.511 ns        ; a[2] ; y[2] ;
; N/A   ; None              ; 8.501 ns        ; b[2] ; y[2] ;
; N/A   ; None              ; 8.374 ns        ; a[1] ; z[1] ;
; N/A   ; None              ; 8.367 ns        ; a[0] ; z[0] ;
; N/A   ; None              ; 8.365 ns        ; a[2] ; z[2] ;
; N/A   ; None              ; 8.320 ns        ; b[1] ; z[1] ;
; N/A   ; None              ; 8.245 ns        ; a[2] ; x[2] ;
; N/A   ; None              ; 8.101 ns        ; a[3] ; z[3] ;
; N/A   ; None              ; 8.101 ns        ; a[3] ; y[3] ;
; N/A   ; None              ; 8.090 ns        ; a[0] ; y[0] ;
; N/A   ; None              ; 7.998 ns        ; b[3] ; y[3] ;
; N/A   ; None              ; 7.995 ns        ; b[3] ; z[3] ;
; N/A   ; None              ; 7.915 ns        ; b[0] ; z[0] ;
; N/A   ; None              ; 7.706 ns        ; a[1] ; y[1] ;
; N/A   ; None              ; 7.697 ns        ; a[1] ; x[1] ;
; N/A   ; None              ; 7.652 ns        ; b[1] ; y[1] ;
; N/A   ; None              ; 7.642 ns        ; b[1] ; x[1] ;
; N/A   ; None              ; 7.638 ns        ; b[0] ; y[0] ;
; N/A   ; None              ; 7.555 ns        ; a[0] ; x[0] ;
; N/A   ; None              ; 7.416 ns        ; b[2] ; z[2] ;
; N/A   ; None              ; 7.301 ns        ; b[2] ; x[2] ;
; N/A   ; None              ; 6.884 ns        ; a[3] ; x[3] ;
; N/A   ; None              ; 6.773 ns        ; b[3] ; x[3] ;
; N/A   ; None              ; 6.157 ns        ; b[0] ; x[0] ;
+-------+-------------------+-----------------+------+------+


+--------------------------+
; Timing Analyzer Messages ;
+--------------------------+
Info: *******************************************************************
Info: Running Quartus II Classic Timing Analyzer
    Info: Version 8.1 Build 163 10/28/2008 SJ Web Edition
    Info: Processing started: Wed Oct 05 10:06:47 2022
Info: Command: quartus_tan --read_settings_files=off --write_settings_files=off lab_4 -c lab_4
Info: Started post-fitting delay annotation
Info: Delay annotation completed successfully
Info: Longest tpd from source pin "a[2]" to destination pin "y[2]" is 8.511 ns
    Info: 1: + IC(0.000 ns) + CELL(1.132 ns) = 1.132 ns; Loc. = PIN_7; Fanout = 3; PIN Node = 'a[2]'
    Info: 2: + IC(2.424 ns) + CELL(0.200 ns) = 3.756 ns; Loc. = LC_X3_Y2_N1; Fanout = 1; COMB Node = 'inst3'
    Info: 3: + IC(2.433 ns) + CELL(2.322 ns) = 8.511 ns; Loc. = PIN_67; Fanout = 0; PIN Node = 'y[2]'
    Info: Total cell delay = 3.654 ns ( 42.93 % )
    Info: Total interconnect delay = 4.857 ns ( 57.07 % )
Info: Quartus II Classic Timing Analyzer was successful. 0 errors, 0 warnings
    Info: Peak virtual memory: 179 megabytes
    Info: Processing ended: Wed Oct 05 10:06:47 2022
    Info: Elapsed time: 00:00:00
    Info: Total CPU time (on all processors): 00:00:00


